{
  "RSpec": {
    "coverage": {
      "/Users/philippethomann/development/test/demo/manage_features/manage_features/config/environment.rb": [
        null,
        1,
        null,
        null,
        1
      ],
      "/Users/philippethomann/development/test/demo/manage_features/manage_features/config/application.rb": [
        1,
        null,
        1,
        null,
        1,
        1,
        1,
        1,
        1,
        1,
        1,
        1,
        null,
        1,
        null,
        null,
        null,
        1,
        null,
        1,
        1,
        null,
        1,
        null,
        null,
        null,
        null,
        null,
        null,
        null
      ],
      "/Users/philippethomann/development/test/demo/manage_features/manage_features/config/boot.rb": [
        1,
        null,
        1,
        1
      ],
      "/Users/philippethomann/development/test/demo/manage_features/manage_features/config/environments/test.rb": [
        1,
        null,
        null,
        null,
        null,
        null,
        null,
        1,
        null,
        null,
        null,
        null,
        1,
        null,
        null,
        1,
        1,
        null,
        null,
        null,
        null,
        1,
        1,
        null,
        null,
        1,
        null,
        null,
        1,
        null,
        null,
        1,
        null,
        1,
        null,
        null,
        null,
        null,
        1,
        null,
        null,
        1,
        null,
        null,
        null,
        null
      ],
      "/Users/philippethomann/development/test/demo/manage_features/manage_features/config/initializers/application_controller_renderer.rb": [
        null,
        null,
        null,
        null,
        null,
        null,
        null,
        null
      ],
      "/Users/philippethomann/development/test/demo/manage_features/manage_features/config/initializers/backtrace_silencers.rb": [
        null,
        null,
        null,
        null,
        null,
        null,
        null
      ],
      "/Users/philippethomann/development/test/demo/manage_features/manage_features/config/initializers/content_security_policy.rb": [
        null,
        null,
        null,
        null,
        null,
        null,
        null,
        null,
        null,
        null,
        null,
        null,
        null,
        null,
        null,
        null,
        null,
        null,
        null,
        null,
        null,
        null,
        null,
        null,
        null
      ],
      "/Users/philippethomann/development/test/demo/manage_features/manage_features/config/initializers/cookies_serializer.rb": [
        null,
        null,
        null,
        null,
        1
      ],
      "/Users/philippethomann/development/test/demo/manage_features/manage_features/config/initializers/filter_parameter_logging.rb": [
        null,
        null,
        null,
        1
      ],
      "/Users/philippethomann/development/test/demo/manage_features/manage_features/config/initializers/inflections.rb": [
        null,
        null,
        null,
        null,
        null,
        null,
        null,
        null,
        null,
        null,
        null,
        null,
        null,
        null,
        null,
        null
      ],
      "/Users/philippethomann/development/test/demo/manage_features/manage_features/config/initializers/json_appi.rb": [
        1,
        1,
        null,
        null,
        1
      ],
      "/Users/philippethomann/development/test/demo/manage_features/manage_features/config/initializers/mime_types.rb": [
        null,
        null,
        null,
        null
      ],
      "/Users/philippethomann/development/test/demo/manage_features/manage_features/config/initializers/wrap_parameters.rb": [
        null,
        null,
        null,
        null,
        null,
        null,
        1,
        1,
        null,
        null,
        null,
        null,
        null,
        null
      ],
      "/Users/philippethomann/development/test/demo/manage_features/manage_features/config/routes.rb": [
        1,
        null,
        1,
        1,
        null,
        1,
        1,
        null,
        null
      ],
      "/Users/philippethomann/development/test/demo/manage_features/manage_features/app/helpers/application_helper.rb": [
        1,
        null
      ],
      "/Users/philippethomann/development/test/demo/manage_features/manage_features/app/controllers/api/feature_tests_controller.rb": [
        null,
        1,
        1,
        1,
        null,
        null,
        1,
        1,
        1,
        null,
        1,
        null,
        null,
        1,
        2,
        2,
        1,
        null,
        1,
        null,
        null,
        null,
        1,
        4,
        1,
        null,
        null,
        1,
        null,
        1,
        3,
        null,
        null
      ],
      "/Users/philippethomann/development/test/demo/manage_features/manage_features/app/controllers/application_controller.rb": [
        1,
        1,
        null
      ],
      "/Users/philippethomann/development/test/demo/manage_features/manage_features/app/controllers/api/features_controller.rb": [
        null,
        1,
        1,
        1,
        null,
        null,
        1,
        1,
        null,
        null,
        1,
        1,
        1,
        null,
        1,
        null,
        null,
        1,
        2,
        2,
        1,
        null,
        1,
        null,
        null,
        null,
        1,
        null,
        1,
        3,
        null,
        null
      ],
      "/Users/philippethomann/development/test/demo/manage_features/manage_features/app/models/feature.rb": [
        1,
        1,
        null
      ],
      "/Users/philippethomann/development/test/demo/manage_features/manage_features/app/models/application_record.rb": [
        1,
        1,
        null
      ],
      "/Users/philippethomann/development/test/demo/manage_features/manage_features/app/models/feature_test.rb": [
        1,
        1,
        null,
        1,
        null
      ],
      "/Users/philippethomann/development/test/demo/manage_features/manage_features/app/serializers/feature_test_serializer.rb": [
        1,
        1,
        1,
        null
      ],
      "/Users/philippethomann/development/test/demo/manage_features/manage_features/app/serializers/feature_serializer.rb": [
        1,
        1,
        1,
        null
      ]
    },
    "timestamp": 1529955800
  },
  "Unit Tests": {
    "coverage": {
      "/Users/philippethomann/development/test/demo/manage_features/manage_features/config/environment.rb": [
        null,
        1,
        null,
        null,
        1
      ],
      "/Users/philippethomann/development/test/demo/manage_features/manage_features/config/application.rb": [
        1,
        null,
        1,
        null,
        1,
        1,
        1,
        1,
        1,
        1,
        1,
        1,
        null,
        1,
        null,
        null,
        null,
        1,
        null,
        1,
        1,
        null,
        1,
        null,
        null,
        null,
        null,
        null,
        null,
        null
      ],
      "/Users/philippethomann/development/test/demo/manage_features/manage_features/config/boot.rb": [
        1,
        null,
        1,
        1
      ],
      "/Users/philippethomann/development/test/demo/manage_features/manage_features/config/environments/test.rb": [
        1,
        null,
        null,
        null,
        null,
        null,
        null,
        1,
        null,
        null,
        null,
        null,
        1,
        null,
        null,
        1,
        1,
        null,
        null,
        null,
        null,
        1,
        1,
        null,
        null,
        1,
        null,
        null,
        1,
        null,
        null,
        1,
        null,
        1,
        null,
        null,
        null,
        null,
        1,
        null,
        null,
        1,
        null,
        null,
        null,
        null
      ],
      "/Users/philippethomann/development/test/demo/manage_features/manage_features/config/initializers/application_controller_renderer.rb": [
        null,
        null,
        null,
        null,
        null,
        null,
        null,
        null
      ],
      "/Users/philippethomann/development/test/demo/manage_features/manage_features/config/initializers/backtrace_silencers.rb": [
        null,
        null,
        null,
        null,
        null,
        null,
        null
      ],
      "/Users/philippethomann/development/test/demo/manage_features/manage_features/config/initializers/content_security_policy.rb": [
        null,
        null,
        null,
        null,
        null,
        null,
        null,
        null,
        null,
        null,
        null,
        null,
        null,
        null,
        null,
        null,
        null,
        null,
        null,
        null,
        null,
        null,
        null,
        null,
        null
      ],
      "/Users/philippethomann/development/test/demo/manage_features/manage_features/config/initializers/cookies_serializer.rb": [
        null,
        null,
        null,
        null,
        1
      ],
      "/Users/philippethomann/development/test/demo/manage_features/manage_features/config/initializers/filter_parameter_logging.rb": [
        null,
        null,
        null,
        1
      ],
      "/Users/philippethomann/development/test/demo/manage_features/manage_features/config/initializers/inflections.rb": [
        null,
        null,
        null,
        null,
        null,
        null,
        null,
        null,
        null,
        null,
        null,
        null,
        null,
        null,
        null,
        null
      ],
      "/Users/philippethomann/development/test/demo/manage_features/manage_features/config/initializers/json_appi.rb": [
        1,
        1,
        null,
        null,
        1
      ],
      "/Users/philippethomann/development/test/demo/manage_features/manage_features/config/initializers/mime_types.rb": [
        null,
        null,
        null,
        null
      ],
      "/Users/philippethomann/development/test/demo/manage_features/manage_features/config/initializers/wrap_parameters.rb": [
        null,
        null,
        null,
        null,
        null,
        null,
        1,
        1,
        null,
        null,
        null,
        null,
        null,
        null
      ],
      "/Users/philippethomann/development/test/demo/manage_features/manage_features/config/routes.rb": [
        1,
        null,
        1,
        1,
        null,
        1,
        1,
        null,
        null
      ],
      "/Users/philippethomann/development/test/demo/manage_features/manage_features/app/helpers/application_helper.rb": [
        1,
        null
      ],
      "/Users/philippethomann/development/test/demo/manage_features/manage_features/app/controllers/api/feature_tests_controller.rb": [
        null,
        1,
        1,
        1,
        null,
        null,
        1,
        1,
        1,
        null,
        1,
        null,
        null,
        1,
        2,
        2,
        1,
        null,
        1,
        null,
        null,
        null,
        1,
        4,
        1,
        null,
        null,
        1,
        null,
        1,
        3,
        null,
        null
      ],
      "/Users/philippethomann/development/test/demo/manage_features/manage_features/app/controllers/application_controller.rb": [
        1,
        1,
        null
      ],
      "/Users/philippethomann/development/test/demo/manage_features/manage_features/app/models/feature.rb": [
        1,
        1,
        null
      ],
      "/Users/philippethomann/development/test/demo/manage_features/manage_features/app/models/application_record.rb": [
        1,
        1,
        null
      ],
      "/Users/philippethomann/development/test/demo/manage_features/manage_features/app/models/feature_test.rb": [
        1,
        1,
        null,
        1,
        null
      ],
      "/Users/philippethomann/development/test/demo/manage_features/manage_features/app/serializers/feature_test_serializer.rb": [
        1,
        1,
        1,
        null
      ],
      "/Users/philippethomann/development/test/demo/manage_features/manage_features/app/serializers/feature_serializer.rb": [
        1,
        1,
        1,
        null
      ]
    },
    "timestamp": 1529955740
  }
}
